Android/ServiceTest/app/build/intermediates/manifest_merge_blame_file/debug/manifest-merger-blame-debug-report.txt
1<?xml version="1.0" encoding="utf-8"?>
2<manifest xmlns:android="http://schemas.android.com/apk/res/android"
3    package="com.example.servicetest"
4    android:versionCode="1"
5    android:versionName="1.0" >
6
7    <uses-sdk
8        android:minSdkVersion="21"
8-->src\main\AndroidManifest.xml
9        android:targetSdkVersion="29" />
9-->src\main\AndroidManifest.xml
10
11    <uses-permission android:name="android.permission.FOREGROUND_SERVICE" />
11-->src\main\AndroidManifest.xml:4:5-76
11-->src\main\AndroidManifest.xml:4:22-74
12
13    <application
13-->src\main\AndroidManifest.xml:5:5-24:19
14        android:allowBackup="true"
14-->src\main\AndroidManifest.xml:6:9-35
15        android:appComponentFactory="androidx.core.app.CoreComponentFactory"
15-->[androidx.core:core:1.3.1] AndroidManifest.xml:24:18-86
16        android:debuggable="true"
17        android:icon="@mipmap/ic_launcher"
17-->src\main\AndroidManifest.xml:7:9-43
18        android:label="@string/app_name"
18-->src\main\AndroidManifest.xml:8:9-41
19        android:roundIcon="@mipmap/ic_launcher_round"
19-->src\main\AndroidManifest.xml:9:9-54
20        android:supportsRtl="true"
20-->src\main\AndroidManifest.xml:10:9-35
21        android:testOnly="true"
22        android:theme="@style/Theme.ServiceTest" >
22-->src\main\AndroidManifest.xml:11:9-49
23        <service
23-->src\main\AndroidManifest.xml:12:9-15:47
24            android:name="com.example.servicetest.MyService"
24-->src\main\AndroidManifest.xml:13:13-38
25            android:enabled="true"
25-->src\main\AndroidManifest.xml:14:13-35
26            android:exported="true" />
26-->src\main\AndroidManifest.xml:15:13-36
27        <service android:name="com.example.servicetest.MyIntentService" />
27-->src\main\AndroidManifest.xml:16:9-51
27-->src\main\AndroidManifest.xml:16:18-49
28
29        <activity android:name="com.example.servicetest.MainActivity" >
29-->src\main\AndroidManifest.xml:17:9-23:20
29-->src\main\AndroidManifest.xml:17:19-47
30            <intent-filter>
30-->src\main\AndroidManifest.xml:18:13-22:29
31                <action android:name="android.intent.action.MAIN" />
31-->src\main\AndroidManifest.xml:19:17-69
31-->src\main\AndroidManifest.xml:19:25-66
32
33                <category android:name="android.intent.category.LAUNCHER" />
33-->src\main\AndroidManifest.xml:21:17-77
33-->src\main\AndroidManifest.xml:21:27-74
34            </intent-filter>
35        </activity>
36    </application>
37
38</manifest>